<?xml version="1.0" encoding="UTF-8"?>
<testng-results ignored="0" total="1" passed="1" failed="0" skipped="0">
  <reporter-output>
  </reporter-output>
  <suite started-at="2022-04-22T10:58:56 EDT" name="paralleltest" finished-at="2022-04-22T10:59:38 EDT" duration-ms="42686">
    <groups>
    </groups>
    <test started-at="2022-04-22T10:58:56 EDT" name="Marinatest" finished-at="2022-04-22T10:59:38 EDT" duration-ms="42686">
      <class name="testPages.testOneTest">
        <test-method is-config="true" signature="setUp()[pri:0, instance:testPages.testOneTest@82de64a]" started-at="2022-04-22T10:58:56 EDT" name="setUp" finished-at="2022-04-22T10:59:37 EDT" duration-ms="41378" status="PASS">
          <reporter-output>
          </reporter-output>
        </test-method> <!-- setUp -->
        <test-method signature="fun2()[pri:0, instance:testPages.testOneTest@82de64a]" started-at="2022-04-22T10:59:37 EDT" name="fun2" finished-at="2022-04-22T10:59:38 EDT" duration-ms="1211" status="PASS">
          <reporter-output>
          </reporter-output>
        </test-method> <!-- fun2 -->
      </class> <!-- testPages.testOneTest -->
    </test> <!-- Marinatest -->
  </suite> <!-- paralleltest -->
</testng-results>
